[Key Matrix]
OUTPUT=P15,P16,P17,R27,R34
INPUT=K00,K01,K02,K03,K04,K05,K06,K07,K10,K11
P15=1B, 24, 10, 34, 35, 36, 37, 21, 39, 22
P16=31, 32, 33, 52, 54, 59, 55, 38, 4F, 30
P17=51, 57, 45, 46, 47, 48, 4A, 49, 4C, 50
R27=41, 53, 44, 56, 42, 4E, 4D, 4B, 26, 0D
R34=5A, 58, 43, 2D, 2E, 20, 23, 25, 28, 27

[Key Name]
0D=Enter
10=Shift
1B=Esc
20=Space
21=Mode
22=On/Off
23=Char
24=Caps
25=Left
26=Up
27=Right
28=Down
2D=Data
2E=Delete
30=0
31=1
32=2
33=3
34=4
35=5
36=6
37=7
38=8
39=9
41=A
42=B
43=C
44=D
45=E(+)
46=F
47=G
48=H
49=I
4A=J
4B=K
4C=L
4D=M
4E=N
4F=O
50=P
51=Q(*)
52=R(-)
53=S
54=T(=)
55=U
56=V
57=W(/)
58=X
59=Y
5A=Z
